This is pdfTeXk, Version 3.141592-1.40.3 (Web2C 7.5.6) (format=pdflatex 2009.11.12)  11 MAR 2010 11:01
entering extended mode
 %&-line parsing enabled.
**manual.tex
(./manual.tex
LaTeX2e <2005/12/01>
Babel <v3.8h> and hyphenation patterns for english, usenglishmax, dumylang, noh
yphenation, croatian, ukrainian, russian, bulgarian, czech, slovak, danish, dut
ch, finnish, basque, french, german, ngerman, ibycus, greek, monogreek, ancient
greek, hungarian, italian, latin, mongolian, norsk, icelandic, interlingua, tur
kish, coptic, romanian, welsh, serbian, slovenian, estonian, esperanto, upperso
rbian, indonesian, polish, portuguese, spanish, catalan, galician, swedish, loa
ded.
(/usr/share/texmf-texlive/tex/latex/base/article.cls
Document Class: article 2005/09/16 v1.4f Standard LaTeX document class
(/usr/share/texmf-texlive/tex/latex/base/size10.clo
File: size10.clo 2005/09/16 v1.4f Standard LaTeX file (size option)
)
\c@part=\count79
\c@section=\count80
\c@subsection=\count81
\c@subsubsection=\count82
\c@paragraph=\count83
\c@subparagraph=\count84
\c@figure=\count85
\c@table=\count86
\abovecaptionskip=\skip41
\belowcaptionskip=\skip42
\bibindent=\dimen102
)
(/usr/share/texmf-texlive/tex/latex/fancyhdr/fancyheadings.sty
Package: fancyheadings 2008/02/04 1.99 Dummy package to call fancyhdr


Package fancyheadings Warning: Please stop using fancyheadings!
(fancyheadings)                Use fancyhdr instead.
(fancyheadings)                We will call fancyhdr with the very same
(fancyheadings)                options you passed to fancyheadings.
(fancyheadings)                
(fancyheadings)                fancyhdr is 99 percent compatible with
(fancyheadings)                fancyheadings. The only incompatibility is
(fancyheadings)                that \headrulewidth and \footrulewidth and
(fancyheadings)                their \plain... versions are no longer length
(fancyheadings)                parameters, but normal macros (to be changed
(fancyheadings)                with \renewcommand rather than \setlength)..

(/usr/share/texmf-texlive/tex/latex/fancyhdr/fancyhdr.sty
\fancy@headwidth=\skip43
\f@ncyO@elh=\skip44
\f@ncyO@erh=\skip45
\f@ncyO@olh=\skip46
\f@ncyO@orh=\skip47
\f@ncyO@elf=\skip48
\f@ncyO@erf=\skip49
\f@ncyO@olf=\skip50
\f@ncyO@orf=\skip51
)) (./manual.aux)
\openout1 = `manual.aux'.

LaTeX Font Info:    Checking defaults for OML/cmm/m/it on input line 20.
LaTeX Font Info:    ... okay on input line 20.
LaTeX Font Info:    Checking defaults for T1/cmr/m/n on input line 20.
LaTeX Font Info:    ... okay on input line 20.
LaTeX Font Info:    Checking defaults for OT1/cmr/m/n on input line 20.
LaTeX Font Info:    ... okay on input line 20.
LaTeX Font Info:    Checking defaults for OMS/cmsy/m/n on input line 20.
LaTeX Font Info:    ... okay on input line 20.
LaTeX Font Info:    Checking defaults for OMX/cmex/m/n on input line 20.
LaTeX Font Info:    ... okay on input line 20.
LaTeX Font Info:    Checking defaults for U/cmr/m/n on input line 20.
LaTeX Font Info:    ... okay on input line 20.

(./cover.tex
\saveparskip=\skip52

Overfull \hbox (15.0pt too wide) in paragraph at lines 13--14
[][] 
 []

(./version_no.tex)
Overfull \hbox (15.0pt too wide) in paragraph at lines 31--32
[][] 
 []

[1

{/var/lib/texmf/fonts/map/pdftex/updmap/pdftex.map}] (./copyright.tex
Overfull \hbox (2.11072pt too wide) in paragraph at lines 1--2
[]\OT1/cmr/m/n/10 Copyright (C) 2002-2010 Daniel Diaz, Philippe Codognet and Sa
l-vador Abreu 
 []

) [2])
LaTeX Font Info:    External font `cmex10' loaded for size
(Font)              <7> on input line 29.
LaTeX Font Info:    External font `cmex10' loaded for size
(Font)              <5> on input line 29.
LaTeX Font Info:    Try loading font information for OMS+cmr on input line 46.
 (/usr/share/texmf-texlive/tex/latex/base/omscmr.fd
File: omscmr.fd 1999/05/25 v2.5h Standard LaTeX font definitions
)
LaTeX Font Info:    Font shape `OMS/cmr/m/n' in size <10> not available
(Font)              Font shape `OMS/cmsy/m/n' tried instead on input line 46.

Overfull \hbox (43.7763pt too wide) in paragraph at lines 90--92
[]\OT1/cmr/m/n/10 If the in-clude file is in \OT1/cmtt/m/n/10 /usr/adaptive/inc
lude \OT1/cmr/m/n/10 and the li-brary in \OT1/cmtt/m/n/10 /usr/adaptive/lib\OT1
/cmr/m/n/10 ,
 []


Overfull \hbox (99.99637pt too wide) in paragraph at lines 96--96
 []\OT1/cmtt/m/n/10 gcc -I/usr/adaptive/include -L/usr/adaptive/lib -o problem 
problem.c -lad_solver[] 
 []

[1] [2]
Overfull \hbox (34.78741pt too wide) in paragraph at lines 185--187
[]\OT1/cmtt/m/n/10 int reinit[]after[]if[]swap\OT1/cmr/m/n/10 : see the defin-t
ion of the user func-tion \OT1/cmtt/m/n/10 Cost[]If[]Swap()
 []

[3]
Overfull \hbox (6.3074pt too wide) in paragraph at lines 237--241
[]\OT1/cmtt/m/n/10 int reset[]percent\OT1/cmr/m/n/10 : -1 or the % of vari-able
s to re-set de-fined by a command-
 []


Overfull \hbox (7.24232pt too wide) in paragraph at lines 237--241
\OT1/cmr/m/n/10 line op-tion of the de-fault \OT1/cmtt/m/n/10 main() \OT1/cmr/m
/n/10 func-tion. If it is -1, the \OT1/cmtt/m/n/10 Init[]Parameters()
 []


Overfull \hbox (3.67097pt too wide) in paragraph at lines 237--241
\OT1/cmr/m/n/10 func-tion should ei-ther set it to a per-cent-age or di-rectly 
set the \OT1/cmtt/m/n/10 nb[]var[]reset
 []


Overfull \hbox (2.30768pt too wide) in paragraph at lines 261--265
[]\OT1/cmtt/m/n/10 void Ad[]Display(int *t, AdData *p[]ad, unsigned *mark)\OT1/
cmr/m/n/10 : this func-
 []


Overfull \hbox (2.9504pt too wide) in paragraph at lines 277--284
[]\OT1/cmtt/m/n/10 int Cost[]Of[]Solution(int should[]be[]recorded)\OT1/cmr/m/n
/10 : [MANDA-TORY] this
 []

[4]
Overfull \hbox (12.64246pt too wide) in paragraph at lines 290--295
[]\OT1/cmtt/m/n/10 int Cost[]If[]Swap(int current[]cost, int i, int j)\OT1/cmr/
m/n/10 : [OP-TIONAL] this
 []


Overfull \hbox (28.59271pt too wide) in paragraph at lines 303--307
[]\OT1/cmr/m/n/10 if the vari-able \OT1/cmtt/m/n/10 int reinit[]after[]if[]swap
 \OT1/cmr/m/n/10 is true then \OT1/cmtt/m/n/10 Cost[]Of[]Solution()
 []


Overfull \hbox (5.80554pt too wide) in paragraph at lines 309--312
[]\OT1/cmtt/m/n/10 void Executed[]Swap(int i, int j)\OT1/cmr/m/n/10 : [OP-TIONA
L] this func-tion is called
 []

[5]
Overfull \hbox (7.80714pt too wide) in paragraph at lines 359--365
[]\OT1/cmtt/m/n/10 void Random[]Permut(int *vec, int size, const int *actual[]v
alue,
 []


Overfull \hbox (32.58691pt too wide) in paragraph at lines 367--369
[]\OT1/cmtt/m/n/10 int Random[]Permut[]Check(int *vec, int size, const int *act
ual[]value,
 []


Overfull \hbox (11.5871pt too wide) in paragraph at lines 371--374
[]\OT1/cmtt/m/n/10 void Random[]Permut[](int *vec, int size, const int *actual[
]value,
 []

LaTeX Font Info:    Font shape `OT1/cmtt/bx/n' in size <14.4> not available
(Font)              Font shape `OT1/cmtt/m/n' tried instead on input line 379.
[6]
Overfull \hbox (6.3074pt too wide) in paragraph at lines 419--423
[]\OT1/cmtt/m/n/10 int reset[]percent\OT1/cmr/m/n/10 : -1 or the % of vari-able
s to re-set de-fined by a command-
 []


Overfull \hbox (59.07567pt too wide) in paragraph at lines 430--436
\OT1/cmr/m/n/10 the va-lid-ity of a so-lu-tion. The user must then pro-vide a f
unc-tion \OT1/cmtt/m/n/10 int Check[]Solution(AdData
 []

[7] (./manual.aux) ) 
Here is how much of TeX's memory you used:
 397 strings out of 94101
 4442 string characters out of 1165809
 55082 words of memory out of 1500000
 3733 multiletter control sequences out of 10000+50000
 6969 words of font info for 26 fonts, out of 1200000 for 2000
 637 hyphenation exceptions out of 8191
 30i,10n,45p,333b,456s stack positions out of 5000i,500n,6000p,200000b,5000s
</usr/share/texmf-texlive/fonts/type1/bluesky/cm/cmbx10.pfb
></usr/share/texmf-texlive/fonts/type1/bluesky/cm/cmbx12.pfb></usr/share/texmf-
texlive/fonts/type1/bluesky/cm/cmmi10.pfb></usr/share/texmf-texlive/fonts/type1
/bluesky/cm/cmmi7.pfb></usr/share/texmf-texlive/fonts/type1/bluesky/cm/cmr10.pf
b></usr/share/texmf-texlive/fonts/type1/bluesky/cm/cmr12.pfb></usr/share/texmf-
texlive/fonts/type1/bluesky/cm/cmr7.pfb></usr/share/texmf-texlive/fonts/type1/b
luesky/cm/cmsl10.pfb></usr/share/texmf-texlive/fonts/type1/bluesky/cm/cmsltt10.
pfb></usr/share/texmf-texlive/fonts/type1/bluesky/cm/cmsy10.pfb></usr/share/tex
mf-texlive/fonts/type1/bluesky/cm/cmti10.pfb></usr/share/texmf-texlive/fonts/ty
pe1/bluesky/cm/cmtt10.pfb></usr/share/texmf-texlive/fonts/type1/bluesky/cm/cmtt
12.pfb>
Output written on manual.pdf (9 pages, 103110 bytes).
PDF statistics:
 84 PDF objects out of 1000 (max. 8388607)
 0 named destinations out of 1000 (max. 131072)
 1 words of extra memory for PDF output out of 10000 (max. 10000000)

